mode: set
target/models/utils.go:13.58,14.14 1 1
target/models/utils.go:18.2,19.16 2 1
target/models/utils.go:23.2,25.22 2 1
target/models/utils.go:14.14,16.3 1 1
target/models/utils.go:19.16,21.3 1 1
target/models/utils.go:29.45,30.19 1 1
target/models/utils.go:34.2,34.52 1 1
target/models/utils.go:37.2,37.8 1 1
target/models/utils.go:30.19,32.3 1 1
target/models/utils.go:34.52,36.3 1 1
target/models/utils.go:41.69,43.70 2 0
target/models/utils.go:46.2,46.8 1 0
target/models/utils.go:43.70,45.3 1 0
target/models/utils.go:50.77,52.78 2 0
target/models/utils.go:55.2,55.8 1 0
target/models/utils.go:52.78,54.3 1 0
target/models/utils.go:59.56,62.42 2 0
target/models/utils.go:66.2,66.83 1 0
target/models/utils.go:70.2,70.72 1 0
target/models/utils.go:73.2,73.8 1 0
target/models/utils.go:62.42,64.3 1 0
target/models/utils.go:66.83,68.3 1 0
target/models/utils.go:70.72,72.3 1 0
target/models/utils.go:77.71,79.66 2 0
target/models/utils.go:82.2,82.8 1 0
target/models/utils.go:79.66,81.3 1 0
