mode: set
target/service/routes.go:31.31,37.2 5 0
target/service/utils.go:11.68,14.16 3 1
target/service/utils.go:18.2,18.39 1 1
target/service/utils.go:14.16,17.3 2 0
target/service/utils.go:18.39,20.3 1 0
target/service/utils.go:28.48,32.16 4 1
target/service/utils.go:36.2,36.39 1 1
target/service/utils.go:32.16,35.3 2 0
target/service/utils.go:36.39,38.3 1 0
target/service/handlers.go:18.64,23.50 4 1
target/service/handlers.go:29.2,30.54 2 1
target/service/handlers.go:36.2,38.31 2 1
target/service/handlers.go:23.50,28.3 4 1
target/service/handlers.go:30.54,35.3 4 1
target/service/handlers.go:42.64,44.61 2 1
target/service/handlers.go:51.2,51.44 1 1
target/service/handlers.go:58.2,58.31 1 1
target/service/handlers.go:44.61,49.3 4 1
target/service/handlers.go:51.44,56.3 4 1
target/service/handlers.go:62.67,67.52 4 1
target/service/handlers.go:73.2,73.31 1 1
target/service/handlers.go:67.52,72.3 4 1
